<?xml version="1.0" encoding="UTF-8"?>
<!-- Generated by org.testng.reporters.JUnitReportReporter -->
<testsuite hostname="nblap259" failures="0" tests="2" name="homeJini.Reusemethods" time="206.724" errors="0" timestamp="2020-04-11T14:05:57 IST" skipped="0">
  <testcase classname="homeJini.Reusemethods" name="TC_2" time="124.862"/>
  <testcase classname="homeJini.Reusemethods" name="TC_1" time="81.862"/>
</testsuite> <!-- homeJini.Reusemethods -->
