<?xml version="1.0" encoding="UTF-8"?>
<!-- Generated by org.testng.reporters.JUnitReportReporter -->
<testsuite hostname="nblap259" failures="0" tests="2" name="homeJini.TestCases" time="196.731" errors="0" timestamp="2020-04-14T12:48:19 IST" skipped="0">
  <testcase classname="homeJini.TestCases" name="TC_1" time="79.851"/>
  <testcase classname="homeJini.TestCases" name="TC_2" time="116.880"/>
</testsuite> <!-- homeJini.TestCases -->
